Compiling the C compiler identification source file "CMakeCCompilerId.c" failed.
Compiler: /Users/davidezangrando/Library/Android/sdk/ndk/23.0.7599858/toolchains/llvm/prebuilt/darwin-x86_64/bin/clang 
Build flags: 
Id flags:  

The output was:
1
ld: error: unknown argument '-no_deduplicate'
ld: error: unknown argument '-dynamic', did you mean '-Bdynamic'
ld: error: unknown argument '-arch'
ld: error: unknown emulation: acosx_version_min
ld: error: unable to find library -lto_library
ld: error: cannot open /Users/davidezangrando/Library/Android/sdk/ndk/23.0.7599858/toolchains/llvm/prebuilt/darwin-x86_64/lib/libLTO.dylib: No such file or directory
ld: error: cannot open x86_64: No such file or directory
ld: error: cannot open 15.0.0: No such file or directory
ld: error: /var/folders/_5/md81cd0x0bz8l9lj62rl_3900000gn/T/CMakeCCompilerId-8cacbf.o: unknown file type
ld: error: unable to find library -lSystem
clang-12: error: linker command failed with exit code 1 (use -v to see invocation)


Compiling the CXX compiler identification source file "CMakeCXXCompilerId.cpp" failed.
Compiler: /Users/davidezangrando/Library/Android/sdk/ndk/23.0.7599858/toolchains/llvm/prebuilt/darwin-x86_64/bin/clang++ 
Build flags: -std=c++17;-Wall;-Werror
Id flags:  

The output was:
1
ld: error: unknown argument '-no_deduplicate'
ld: error: unknown argument '-dynamic', did you mean '-Bdynamic'
ld: error: unknown argument '-arch'
ld: error: unknown emulation: acosx_version_min
ld: error: unable to find library -lto_library
ld: error: cannot open /Users/davidezangrando/Library/Android/sdk/ndk/23.0.7599858/toolchains/llvm/prebuilt/darwin-x86_64/lib/libLTO.dylib: No such file or directory
ld: error: cannot open x86_64: No such file or directory
ld: error: cannot open 15.0.0: No such file or directory
ld: error: /var/folders/_5/md81cd0x0bz8l9lj62rl_3900000gn/T/CMakeCXXCompilerId-35bfac.o: unknown file type
ld: error: unable to find library -lc++
ld: error: unable to find library -lSystem
clang-12: error: linker command failed with exit code 1 (use -v to see invocation)


